2018-02-07 18:05:13,361 - teradata.udaexec - INFO - Initializing UdaExec...
2018-02-07 18:05:13,361 - teradata.udaexec - INFO - Reading config files: [u'/etc/udaexec.ini: Not Found', u'/Users/mifang/udaexec.ini: Not Found', u'/Users/mifang/Documents/Expedia/Project/tutorial/djangoTutorial/dq-djang-python-validation-webapp/myproject/myproject/myapp/resource/LibraryFile/udaexec.ini: Found']
2018-02-07 18:05:13,361 - teradata.udaexec - INFO - Found run number file: "/Users/mifang/Documents/Expedia/Project/tutorial/djangoTutorial/dq-djang-python-validation-webapp/myproject/myproject/myapp/resource/LibraryFile/.runNumber"
2018-02-07 18:05:13,361 - teradata.udaexec - INFO - Cleaning up log files older than 90 days.
2018-02-07 18:05:13,361 - teradata.udaexec - INFO - Removed 0 log files.
2018-02-07 18:05:13,414 - teradata.udaexec - INFO - Checkpoint file not found: /Users/mifang/Documents/Expedia/Project/tutorial/djangoTutorial/dq-djang-python-validation-webapp/myproject/myproject/myapp/resource/LibraryFile/ConnectTDDEV.checkpoint
2018-02-07 18:05:13,415 - teradata.udaexec - INFO - No previous checkpoint found, executing from beginning...
2018-02-07 18:05:13,415 - teradata.udaexec - INFO - Execution Details:
/********************************************************************************
 * Application Name: ConnectTDDEV
 *          Version: 2
 *       Run Number: 20180207180513-153
 *             Host: BELC02RJ96BG8WN.sea.corp.expecn.com
 *         Platform: Darwin-16.7.0-x86_64-i386-64bit
 *          OS User: mifang
 *   Python Version: 2.7.10
 *  Python Compiler: GCC 4.2.1 Compatible Apple LLVM 8.0.0 (clang-800.0.34)
 *     Python Build: ('default', 'Feb  7 2017 00:08:15')
 *  UdaExec Version: 15.10.0.21
 *     Program Name: connectTD.py
 *      Working Dir: /Users/mifang/Documents/Expedia/Project/tutorial/djangoTutorial/dq-djang-python-validation-webapp/myproject/myproject/myapp/resource/LibraryFile
 *      Git Version: git version 2.14.3 (Apple Git-98)
 *     Git Revision: 8b6bffe
 *        Git Dirty: True [ M myproject/db.sqlite3, D myproject/media/documents/2018/02/02/Expedia__Webinar_Deck_Jan_2018.pptx, D myproject/media/documents/2018/02/02/InvestmentSpreadsheet.xlsx, D myproject/media/documents/2018/02/02/edxe-arm-primerapp-onboarding-change-list.xlsx, M myproject/myproject/myapp/models.py, M myproject/myproject/myapp/models.pyc, M myproject/myproject/myapp/templates/list.html, M myproject/myproject/myapp/urls.py, M myproject/myproject/myapp/urls.pyc, M myproject/myproject/myapp/views.py, M myproject/myproject/myapp/views.pyc, M myproject/myproject/urls.pyc,?? myproject/media/documents/ETLDM_MARGIN_ADJ_FACTR_EXTENDED_BEC_2018_update.csv,?? myproject/media/documents/ETLDM_MARGIN_ADJ_FACTR_EXTENDED_BEC_2018_update_1Ez33M1.csv,?? myproject/media/documents/ETLDM_MARGIN_ADJ_FACTR_EXTENDED_BEC_2018_update_L9tBer0.csv,?? myproject/media/documents/ETLDM_MARGIN_ADJ_FACTR_EXTENDED_BEC_2018_update_OGcYf0s.csv,?? myproject/media/documents/ETLDM_MARGIN_ADJ_FACTR_EXTENDED_BEC_2018_update_qCfWndK.csv,?? myproject/media/documents/ETLDM_MARGIN_ADJ_FACTR_update.csv,?? myproject/media/documents/ETLDM_MARGIN_ADJ_FACTR_update_OAht1UH.csv,?? myproject/media/documents/ETLDM_MARGIN_ADJ_FACTR_update_TWuFVz6.csv,?? myproject/media/documents/ETLDM_MARGIN_ADJ_FACTR_update_Yn1GSVX.csv,?? myproject/media/documents/ETLDM_MARGIN_ADJ_FACTR_update_tn4DD3o.csv,?? myproject/media/documents/ETLDM_MARGIN_ADJ_FACTR_update_yQyZlKF.csv,?? myproject/media/documents/Rev_GP_by_POS_FY18_201801_3PPackage_update.csv,?? myproject/media/documents/Rev_GP_by_POS_FY18_201801_3PPackage_update_5gz4RQf.csv,?? myproject/media/documents/Rev_GP_by_POS_FY18_201801_3PPackage_update_75Gk2QB.csv,?? myproject/media/documents/Rev_GP_by_POS_FY18_201801_3PPackage_update_IAbBY8f.csv,?? myproject/media/documents/Rev_GP_by_POS_FY18_201801_3PPackage_update_slu0o6p.csv,?? myproject/myproject/myapp/resource/,?? myproject/myproject/myapp/templates/log.html]
 *          Log Dir: /Users/mifang/Documents/Expedia/Project/tutorial/djangoTutorial/dq-djang-python-validation-webapp/myproject/myproject/myapp/resource/LibraryFile/logs
 *         Log File: /Users/mifang/Documents/Expedia/Project/tutorial/djangoTutorial/dq-djang-python-validation-webapp/myproject/myproject/myapp/resource/LibraryFile/logs/ConnectTDDEV.20180207180513-153.log
 *     Config Files: [u'/etc/udaexec.ini: Not Found', u'/Users/mifang/udaexec.ini: Not Found', u'/Users/mifang/Documents/Expedia/Project/tutorial/djangoTutorial/dq-djang-python-validation-webapp/myproject/myproject/myapp/resource/LibraryFile/udaexec.ini: Found']
 *      Query Bands: ApplicationName=ConnectTDDEV;Version=2;JobID=20180207180513-153;ClientUser=mifang;Production=False;udaAppLogFile=/Users/mifang/Documents/Expedia/Project/tutorial/djangoTutorial/dq-djang-python-validation-webapp/myproject/myproject/myapp/resource/LibraryFile/logs/ConnectTDDEV.20180207180513-153.log;gitRevision=8b6bffe;gitDirty=True;UtilityName=PyTd;UtilityVersion=15.10.0.21
********************************************************************************/
2018-02-07 18:05:13,424 - teradata.udaexec - INFO - Creating connection: {'username': 'D_DM_BEX_CLICKSTREAM_ADB', 'password': 'XXXXXX', 'method': 'odbc', 'system': 'tddev'}
2018-02-07 18:05:13,424 - teradata.tdodbc - INFO - Loading ODBC Library: libiodbc.dylib
2018-02-07 18:05:13,436 - teradata.tdodbc - INFO - Available drivers: Teradata Database ODBC Driver 16.20
2018-02-07 18:05:14,585 - teradata.udaexec - INFO - Connection successful. Duration: 1.161 seconds. Details: {'username': 'D_DM_BEX_CLICKSTREAM_ADB', 'password': 'XXXXXX', 'method': 'odbc', 'system': 'tddev'}
2018-02-07 18:05:14,754 - teradata.udaexec - INFO - Query Successful. Duration: 0.168 seconds, Rows: 138, Query: select OREPLACE(SITE_NAME,'.',' ') as SITE_NAME from D_ADS_BEX_COMMON.DM_OMNITURE_SITE
2018-02-07 18:05:14,879 - teradata.udaexec - INFO - UdaExec exiting.
