2018-01-03 16:49:37,618 - teradata.udaexec - INFO - Initializing UdaExec...
2018-01-03 16:49:37,618 - teradata.udaexec - INFO - Reading config files: [u'/etc/udaexec.ini: Not Found', u'/Users/mifang/udaexec.ini: Not Found', u'/Users/mifang/Documents/Expedia/Code/ede_marginfile_validation_python/LibraryFile/udaexec.ini: Found']
2018-01-03 16:49:37,618 - teradata.udaexec - INFO - Found run number file: "/Users/mifang/Documents/Expedia/Code/ede_marginfile_validation_python/LibraryFile/.runNumber"
2018-01-03 16:49:37,618 - teradata.udaexec - INFO - Cleaning up log files older than 90 days.
2018-01-03 16:49:37,618 - teradata.udaexec - INFO - Removed 0 log files.
2018-01-03 16:49:37,647 - teradata.udaexec - INFO - Checkpoint file not found: /Users/mifang/Documents/Expedia/Code/ede_marginfile_validation_python/LibraryFile/ConnectTDDEV.checkpoint
2018-01-03 16:49:37,647 - teradata.udaexec - INFO - No previous checkpoint found, executing from beginning...
2018-01-03 16:49:37,647 - teradata.udaexec - INFO - Execution Details:
/********************************************************************************
 * Application Name: ConnectTDDEV
 *          Version: 2
 *       Run Number: 20180103164937-78
 *             Host: BELC02RJ96BG8WN.sea.corp.expecn.com
 *         Platform: Darwin-16.7.0-x86_64-i386-64bit
 *          OS User: mifang
 *   Python Version: 2.7.13
 *  Python Compiler: GCC 4.2.1 Compatible Apple LLVM 6.0 (clang-600.0.57)
 *     Python Build: ('default', 'Dec 20 2016 23:05:08')
 *  UdaExec Version: 15.10.0.21
 *     Program Name: connectTD.py
 *      Working Dir: /Users/mifang/Documents/Expedia/Code/ede_marginfile_validation_python/LibraryFile
 *      Git Version: git version 2.14.3 (Apple Git-98)
 *     Git Revision: b5186b3
 *        Git Dirty: True [ M DataFile/sample3.0.csv, M MarginFile1.0/vali_margin_1.0.py, M MarginFile3.0/vali_margin_3.0.py,?? DataFile/margin3_1.csv,?? LibraryFile/.runNumber,?? LibraryFile/logs/,?? MarginFile1.0/Rev_GP_by_POS_FY17_201709_CRUISE.CSV,?? MarginFile3.0/.runNumber,?? MarginFile3.0/logs/]
 *          Log Dir: /Users/mifang/Documents/Expedia/Code/ede_marginfile_validation_python/LibraryFile/logs
 *         Log File: /Users/mifang/Documents/Expedia/Code/ede_marginfile_validation_python/LibraryFile/logs/ConnectTDDEV.20180103164937-78.log
 *     Config Files: [u'/etc/udaexec.ini: Not Found', u'/Users/mifang/udaexec.ini: Not Found', u'/Users/mifang/Documents/Expedia/Code/ede_marginfile_validation_python/LibraryFile/udaexec.ini: Found']
 *      Query Bands: ApplicationName=ConnectTDDEV;Version=2;JobID=20180103164937-78;ClientUser=mifang;Production=False;udaAppLogFile=/Users/mifang/Documents/Expedia/Code/ede_marginfile_validation_python/LibraryFile/logs/ConnectTDDEV.20180103164937-78.log;gitRevision=b5186b3;gitDirty=True;UtilityName=PyTd;UtilityVersion=15.10.0.21
********************************************************************************/
2018-01-03 16:49:37,654 - teradata.udaexec - INFO - Creating connection: {'username': 'D_DM_BEX_CLICKSTREAM_ADB', 'password': 'XXXXXX', 'method': 'odbc', 'system': 'tddev'}
2018-01-03 16:49:37,655 - teradata.tdodbc - INFO - Loading ODBC Library: libiodbc.dylib
2018-01-03 16:49:37,661 - teradata.tdodbc - INFO - Available drivers: Teradata Database ODBC Driver 16.20
2018-01-03 16:49:38,894 - teradata.udaexec - INFO - Connection successful. Duration: 1.240 seconds. Details: {'username': 'D_DM_BEX_CLICKSTREAM_ADB', 'password': 'XXXXXX', 'method': 'odbc', 'system': 'tddev'}
2018-01-03 16:49:39,107 - teradata.udaexec - INFO - Query Successful. Duration: 0.213 seconds, Rows: 137, Query: select OREPLACE(SITE_NAME,'.',' ') as SITE_NAME from D_ADS_BEX_COMMON.DM_OMNITURE_SITE
2018-01-03 16:49:39,240 - teradata.udaexec - INFO - UdaExec exiting.
